Removed Member From Class: ClassName=SCH Member=C?
Removed Member From Class: ClassName=SCH Member=R?
Change Component Designator: OldDesignator=*2 NewDesignator=*3
Change Component Designator: OldDesignator=*3 NewDesignator=*6
Change Component Designator: OldDesignator=*4 NewDesignator=*7
Change Component Designator: OldDesignator=* NewDesignator=*1
Change Component Designator: OldDesignator=* NewDesignator=*2
Change Component Designator: OldDesignator=* NewDesignator=*4
Change Component Designator: OldDesignator=* NewDesignator=*5
Change Component Designator: OldDesignator=C4 NewDesignator=C5
Change Component Designator: OldDesignator=C5 NewDesignator=C6
Change Component Designator: OldDesignator=C6 NewDesignator=C7
Change Component Designator: OldDesignator=C? NewDesignator=C2
Change Component Designator: OldDesignator=C? NewDesignator=C3
Change Component Designator: OldDesignator=C? NewDesignator=C4
Change Component Designator: OldDesignator=D? NewDesignator=D2
Change Component Designator: OldDesignator=F? NewDesignator=F1
Change Component Designator: OldDesignator=R1 NewDesignator=R2
Change Component Designator: OldDesignator=R2 NewDesignator=R3
Change Component Designator: OldDesignator=R3 NewDesignator=R4
Change Component Designator: OldDesignator=R4 NewDesignator=R5
Change Component Designator: OldDesignator=R5 NewDesignator=R6
Change Component Designator: OldDesignator=R6 NewDesignator=R7
Change Component Designator: OldDesignator=R? NewDesignator=R1
Change Net Name : Old Net Name=Net*2_1 New Net Name=Net*2_10
Change Net Name : Old Net Name=Net*2_2 New Net Name=Net*3_2
Change Net Name : Old Net Name=Net*3_1 New Net Name=Net*6_1
Change Net Name : Old Net Name=Net*3_4 New Net Name=Net*6_4
Change Net Name : Old Net Name=Net*3_5 New Net Name=Net*6_5
Change Net Name : Old Net Name=Net*4_1 New Net Name=Net*7_1
Change Net Name : Old Net Name=Net*4_2 New Net Name=Net*7_2
Change Net Name : Old Net Name=Net*_1 New Net Name=Net*2_1
Change Net Name : Old Net Name=Net*_2 New Net Name=Net*1_3
Change Net Name : Old Net Name=Net*_4 New Net Name=Net*1_4
Change Net Name : Old Net Name=NetC4_1 New Net Name=NetC5_1
Change Net Name : Old Net Name=NetC?_1 New Net Name=NetC4_1
Change Net Name : Old Net Name=NetF?_1 New Net Name=NetF1_1
Change Net Name : Old Net Name=NetR4_1 New Net Name=NetR5_1
Added Pin To Net: NetName=Net*1_1 Pin=*1-1
Added Pin To Net: NetName=Net*1_1 Pin=*4-1
Added Pin To Net: NetName=Net*1_1 Pin=F1-2
Added Pin To Net: NetName=Net*1_1 Pin=F1-2
Added Net: Name=Net*1_1
Added Pin To Net: NetName=Net*1_2 Pin=*1-2
Added Pin To Net: NetName=Net*1_2 Pin=D1-3
Added Net: Name=Net*1_2
Added Pin To Net: NetName=Net*5_2 Pin=*5-2
Added Pin To Net: NetName=Net*5_2 Pin=D2-2
Added Pin To Net: NetName=Net*5_2 Pin=R4-1
Added Net: Name=Net*5_2
Added Member To Class: ClassName=SCH Member=Component *1 INDUCTOR UU9.8
Added Member To Class: ClassName=SCH Member=Component *5 Tu cao ap 2.2nF 1KV
Added Member To Class: ClassName=SCH Member=Component *7 TL431
Added Member To Class: ClassName=SCH Member=Component C2 1000uF
Added Member To Class: ClassName=SCH Member=Component C3 1000uF
Added Member To Class: ClassName=SCH Member=Component C7 104/50V
Added Member To Class: ClassName=SCH Member=Component R7 4.7k
