Removed Member From Class: ClassName=SCH Member=*4
Removed Member From Class: ClassName=SCH Member=JP1
Change Component Designator: OldDesignator=*2 NewDesignator=*1
Change Component Designator: OldDesignator=*3 NewDesignator=*2
Change Component Designator: OldDesignator=*4 NewDesignator=*3
Change Component Designator: OldDesignator=C5 NewDesignator=C4
Change Component Designator: OldDesignator=C6 NewDesignator=C5
Change Component Designator: OldDesignator=C7 NewDesignator=C6
Change Component Designator: OldDesignator=C8 NewDesignator=C7
Change Component Designator: OldDesignator=C11 NewDesignator=C8
Added Component: Designator=C3(tu gom)
Add component (AddParameter): Name = "Chung_Loai"; Value = "C?m"; VariantName = "[No Variations]"
Add component (AddParameter): Name = "Don_Vi"; Value = "Con"; VariantName = "[No Variations]"
Add component (AddParameter): Name = "Kieu_Chan"; Value = ""; VariantName = "[No Variations]"
Add component (AddParameter): Name = "Ma_Hang"; Value = "MH004776"; VariantName = "[No Variations]"
Add component (AddParameter): Name = "So_Chan"; Value = "2"; VariantName = "[No Variations]"
Add component (AddParameter): Name = "Ten_Linh_Kien"; Value = "T? g?m 470P 471 50V"; VariantName = "[No Variations]"
Change Net Name : Old Net Name=Net*2_1 New Net Name=Net*1_1
Change Net Name : Old Net Name=Net*2_2 New Net Name=Net*1_2
Change Net Name : Old Net Name=Net*2_10 New Net Name=Net*1_10
Change Net Name : Old Net Name=Net*3_1 New Net Name=Net*2_1
Change Net Name : Old Net Name=Net*3_4 New Net Name=Net*2_4
Change Net Name : Old Net Name=Net*4_1 New Net Name=Net*3_1
Change Net Name : Old Net Name=Net*4_2 New Net Name=Net*3_2
Change Net Name : Old Net Name=NetC5_1 New Net Name=NetC4_1
Change Net Name : Old Net Name=NetC8_2 New Net Name=NetC7_2
Added Pin To Net: NetName=NetC3_1 Pin=C3-1
Added Pin To Net: NetName=NetC3_1 Pin=D1-3
Added Pin To Net: NetName=NetC3_1 Pin=NTC1-2
Added Net: Name=NetC3_1
Added Pin To Net: NetName=NetC3_2 Pin=C3-2
Added Pin To Net: NetName=NetC3_2 Pin=D1-2
Added Pin To Net: NetName=NetC3_2 Pin=F1-2
Added Pin To Net: NetName=NetC3_2 Pin=F1-2
Added Net: Name=NetC3_2
Added Room: Name=SCH
