Change Component Designator: OldDesignator=*1 NewDesignator=*2
Change Component Designator: OldDesignator=*2 NewDesignator=*3
Change Component Designator: OldDesignator=*3 NewDesignator=*4
Change Component Designator: OldDesignator=L2 NewDesignator=L1
Added Component: Designator=*1(INDUCTOR UU9.8)
Added Component: Designator=C3(tu gom)
Add component (AddParameter): Name = "Chung_Loai"; Value = "C?m"; VariantName = "[No Variations]"
Add component (AddParameter): Name = "Don_Vi"; Value = "Con"; VariantName = "[No Variations]"
Add component (AddParameter): Name = "Kieu_Chan"; Value = ""; VariantName = "[No Variations]"
Add component (AddParameter): Name = "Ma_Hang"; Value = "MH004763"; VariantName = "[No Variations]"
Add component (AddParameter): Name = "So_Chan"; Value = "2"; VariantName = "[No Variations]"
Add component (AddParameter): Name = "Ten_Linh_Kien"; Value = "T? g?m 102 1nF 50V"; VariantName = "[No Variations]"
Added Component: Designator=C4(tu gom)
Add component (AddParameter): Name = "Chung_Loai"; Value = "C?m"; VariantName = "[No Variations]"
Add component (AddParameter): Name = "Don_Vi"; Value = "Con"; VariantName = "[No Variations]"
Add component (AddParameter): Name = "Kieu_Chan"; Value = ""; VariantName = "[No Variations]"
Add component (AddParameter): Name = "Ma_Hang"; Value = "MH004763"; VariantName = "[No Variations]"
Add component (AddParameter): Name = "So_Chan"; Value = "2"; VariantName = "[No Variations]"
Add component (AddParameter): Name = "Ten_Linh_Kien"; Value = "T? g?m 102 1nF 50V"; VariantName = "[No Variations]"
Added Component: Designator=C8(tu gom)
Add component (AddParameter): Name = "Chung_Loai"; Value = "C?m"; VariantName = "[No Variations]"
Add component (AddParameter): Name = "Don_Vi"; Value = "Con"; VariantName = "[No Variations]"
Add component (AddParameter): Name = "Kieu_Chan"; Value = ""; VariantName = "[No Variations]"
Add component (AddParameter): Name = "Ma_Hang"; Value = "MH004763"; VariantName = "[No Variations]"
Add component (AddParameter): Name = "So_Chan"; Value = "2"; VariantName = "[No Variations]"
Add component (AddParameter): Name = "Ten_Linh_Kien"; Value = "T? g?m 102 1nF 50V"; VariantName = "[No Variations]"
Added Component: Designator=C9(tu gom)
Add component (AddParameter): Name = "Chung_Loai"; Value = "C?m"; VariantName = "[No Variations]"
Add component (AddParameter): Name = "Don_Vi"; Value = "Con"; VariantName = "[No Variations]"
Add component (AddParameter): Name = "Kieu_Chan"; Value = ""; VariantName = "[No Variations]"
Add component (AddParameter): Name = "Ma_Hang"; Value = "MH004763"; VariantName = "[No Variations]"
Add component (AddParameter): Name = "So_Chan"; Value = "2"; VariantName = "[No Variations]"
Add component (AddParameter): Name = "Ten_Linh_Kien"; Value = "T? g?m 102 1nF 50V"; VariantName = "[No Variations]"
Added Pin To Net: NetName=PE Pin=C8-2
Added Pin To Net: NetName=PE Pin=C9-2
Change Net Name : Old Net Name=Net*1_1 New Net Name=Net*2_1
Change Net Name : Old Net Name=Net*1_2 New Net Name=Net*2_2
Change Net Name : Old Net Name=Net*1_10 New Net Name=Net*2_10
Change Net Name : Old Net Name=Net*2_1 New Net Name=Net*3_1
Change Net Name : Old Net Name=Net*2_4 New Net Name=Net*3_4
Change Net Name : Old Net Name=Net*3_1 New Net Name=Net*4_1
Change Net Name : Old Net Name=Net*3_2 New Net Name=Net*4_2
Change Net Name : Old Net Name=NetL2_1 New Net Name=NetL1_1
Added Pin To Net: NetName=Net*1_1 Pin=*1-1
Added Pin To Net: NetName=Net*1_1 Pin=C3-1
Added Pin To Net: NetName=Net*1_1 Pin=NTC1-2
Added Net: Name=Net*1_1
Added Pin To Net: NetName=Net*1_2 Pin=*1-2
Added Pin To Net: NetName=Net*1_2 Pin=C4-1
Added Pin To Net: NetName=Net*1_2 Pin=C9-1
Added Pin To Net: NetName=Net*1_2 Pin=D1-3
Added Net: Name=Net*1_2
Added Pin To Net: NetName=Net*1_3 Pin=*1-3
Added Pin To Net: NetName=Net*1_3 Pin=C3-2
Added Pin To Net: NetName=Net*1_3 Pin=F1-2
Added Pin To Net: NetName=Net*1_3 Pin=F1-2
Added Net: Name=Net*1_3
Added Pin To Net: NetName=Net*1_4 Pin=*1-4
Added Pin To Net: NetName=Net*1_4 Pin=C4-2
Added Pin To Net: NetName=Net*1_4 Pin=C8-1
Added Pin To Net: NetName=Net*1_4 Pin=D1-2
Added Net: Name=Net*1_4
Added Member To Class: ClassName=SCH Member=Component *4 TL431
Added Member To Class: ClassName=SCH Member=Component C3 0.47uF/400V
Added Member To Class: ClassName=SCH Member=Component C4 0.47uF/400V
Added Member To Class: ClassName=SCH Member=Component C8 102/400V
Added Member To Class: ClassName=SCH Member=Component C9 102/400V
