Removed Pin From Net: NetName=Net*1_1 Pin=C2-1
Removed Pin From Net: NetName=Hi_groud Pin=C2-2
Removed Pin From Net: NetName=Net*1_1 Pin=C7-1
Removed Pin From Net: NetName=Net*1_1 Pin=R1-2
Removed Member From Class: ClassName=SCH Member=C8
Change Component Comment : Designator=C5 Old Comment=4.7uF New Comment=4.7uF/400V
Change Component Comment : Designator=C6 Old Comment=4.7uF New Comment=4.7uF/400V
Change Component Designator: OldDesignator=*2 NewDesignator=*3
Change Component Designator: OldDesignator=*3 NewDesignator=*4
Change Component Designator: OldDesignator=C4 NewDesignator=C3
Change Component Designator: OldDesignator=C5 NewDesignator=C4
Change Component Designator: OldDesignator=C6 NewDesignator=C5
Change Component Designator: OldDesignator=C8 NewDesignator=C7
Added Component: Designator=*2(Varistor 471K)
Added Component: Designator=C2(tu 1206)
Add component (AddParameter): Name = "Chung_Loai"; Value = "Dán"; VariantName = "[No Variations]"
Add component (AddParameter): Name = "Don_Vi"; Value = "Con"; VariantName = "[No Variations]"
Add component (AddParameter): Name = "Kieu_Chan"; Value = ""; VariantName = "[No Variations]"
Add component (AddParameter): Name = "Ma_Hang"; Value = "MH004542"; VariantName = "[No Variations]"
Add component (AddParameter): Name = "So_Chan"; Value = "2"; VariantName = "[No Variations]"
Add component (AddParameter): Name = "Ten_Linh_Kien"; Value = "T? 1206 102-1nF 10% 50V"; VariantName = "[No Variations]"
Added Component: Designator=C6(tu 1206)
Add component (AddParameter): Name = "Chung_Loai"; Value = "Dán"; VariantName = "[No Variations]"
Add component (AddParameter): Name = "Don_Vi"; Value = "Con"; VariantName = "[No Variations]"
Add component (AddParameter): Name = "Kieu_Chan"; Value = ""; VariantName = "[No Variations]"
Add component (AddParameter): Name = "Ma_Hang"; Value = "MH004542"; VariantName = "[No Variations]"
Add component (AddParameter): Name = "So_Chan"; Value = "2"; VariantName = "[No Variations]"
Add component (AddParameter): Name = "Ten_Linh_Kien"; Value = "T? 1206 102-1nF 10% 50V"; VariantName = "[No Variations]"
Added Component: Designator=R1(tro smd 1206)
Add component (AddParameter): Name = "Chung_Loai"; Value = "Dán"; VariantName = "[No Variations]"
Add component (AddParameter): Name = "Don_Vi"; Value = "Con"; VariantName = "[No Variations]"
Add component (AddParameter): Name = "Kieu_Chan"; Value = ""; VariantName = "[No Variations]"
Add component (AddParameter): Name = "Ma_Hang"; Value = "MH005921"; VariantName = "[No Variations]"
Add component (AddParameter): Name = "So_Chan"; Value = "2"; VariantName = "[No Variations]"
Add component (AddParameter): Name = "Ten_Linh_Kien"; Value = "Tr? 1206 5% 100k"; VariantName = "[No Variations]"
Added Pin To Net: NetName=Hi_groud Pin=C2-1
Added Pin To Net: NetName=Net*1_1 Pin=C2-2
Added Pin To Net: NetName=Net*1_1 Pin=C6-1
Added Pin To Net: NetName=Net*1_1 Pin=R1-2
Change Net Name : Old Net Name=Net*2_1 New Net Name=Net*3_1
Change Net Name : Old Net Name=Net*2_4 New Net Name=Net*3_4
Change Net Name : Old Net Name=Net*3_1 New Net Name=Net*4_1
Change Net Name : Old Net Name=Net*3_2 New Net Name=Net*4_2
Change Net Name : Old Net Name=NetC4_1 New Net Name=NetC3_1
Added Pin To Net: NetName=Net*2_1 Pin=*2-1
Added Pin To Net: NetName=Net*2_1 Pin=D1-3
Added Pin To Net: NetName=Net*2_1 Pin=NTC1-2
Added Net: Name=Net*2_1
Added Pin To Net: NetName=Net*2_2 Pin=*2-2
Added Pin To Net: NetName=Net*2_2 Pin=D1-2
Added Pin To Net: NetName=Net*2_2 Pin=F1-2
Added Pin To Net: NetName=Net*2_2 Pin=F1-2
Added Net: Name=Net*2_2
Added Pin To Net: NetName=NetC6_2 Pin=C6-2
Added Pin To Net: NetName=NetC6_2 Pin=Fr1-2
Added Pin To Net: NetName=NetC6_2 Pin=R1-1
Added Net: Name=NetC6_2
Added Member To Class: ClassName=SCH Member=Component *1 Tranformer
Added Member To Class: ClassName=SCH Member=Component *2 Varistor 471K
Added Member To Class: ClassName=SCH Member=Component *3 TNY264
Added Member To Class: ClassName=SCH Member=Component *4 TL431
Added Member To Class: ClassName=SCH Member=Component C3 470uF
Added Member To Class: ClassName=SCH Member=Component C5 4.7uF/400V
Added Member To Class: ClassName=SCH Member=Component C6 102/400V
Added Room: Name=SCH
