Removed Pin From Net: NetName=Ground Pin=C?-2
Removed Pin From Net: NetName=Ground Pin=C?-2
Removed Member From Class: ClassName=SCH Member=KF?
Removed Member From Class: ClassName=SCH Member=L?
Change Component Designator: OldDesignator=* NewDesignator=*1
Change Component Designator: OldDesignator=* NewDesignator=*2
Change Component Designator: OldDesignator=* NewDesignator=*3
Change Component Designator: OldDesignator=C? NewDesignator=C2
Change Component Designator: OldDesignator=C? NewDesignator=C5
Change Component Designator: OldDesignator=C? NewDesignator=C7
Change Component Designator: OldDesignator=C? NewDesignator=C10
Change Component Designator: OldDesignator=D? NewDesignator=D1
Change Component Designator: OldDesignator=D? NewDesignator=D2
Change Component Designator: OldDesignator=F? NewDesignator=F1
Change Component Designator: OldDesignator=Fr107 NewDesignator=Fr1
Change Component Designator: OldDesignator=KF1 NewDesignator=KF2
Change Component Designator: OldDesignator=KF? NewDesignator=KF1
Change Component Designator: OldDesignator=L? NewDesignator=L2
Change Component Designator: OldDesignator=NTC? NewDesignator=NTC1
Change Component Designator: OldDesignator=R? NewDesignator=R1
Change Component Designator: OldDesignator=R? NewDesignator=R2
Change Component Designator: OldDesignator=R? NewDesignator=R3
Change Component Designator: OldDesignator=R? NewDesignator=R4
Change Component Designator: OldDesignator=R? NewDesignator=R5
Change Component Designator: OldDesignator=U? NewDesignator=U1
Added Component: Designator=C1(tu gom)
Add component (AddParameter): Name = "Chung_Loai"; Value = "C?m"; VariantName = "[No Variations]"
Add component (AddParameter): Name = "Don_Vi"; Value = "Con"; VariantName = "[No Variations]"
Add component (AddParameter): Name = "Kieu_Chan"; Value = ""; VariantName = "[No Variations]"
Add component (AddParameter): Name = "Ma_Hang"; Value = "MH004764"; VariantName = "[No Variations]"
Add component (AddParameter): Name = "So_Chan"; Value = "2"; VariantName = "[No Variations]"
Add component (AddParameter): Name = "Ten_Linh_Kien"; Value = "T? g?m 101 0.1nF 50V"; VariantName = "[No Variations]"
Added Component: Designator=C3(Cap CBB)
Added Component: Designator=C4(Cap CBB)
Added Component: Designator=C6(tu hoa 16mm)
Add component (AddParameter): Name = "Chung_Loai"; Value = "C?m"; VariantName = "[No Variations]"
Add component (AddParameter): Name = "Don_Vi"; Value = "Con"; VariantName = "[No Variations]"
Add component (AddParameter): Name = "Kieu_Chan"; Value = ""; VariantName = "[No Variations]"
Add component (AddParameter): Name = "Ma_Hang"; Value = "MH003746"; VariantName = "[No Variations]"
Add component (AddParameter): Name = "So_Chan"; Value = "2"; VariantName = "[No Variations]"
Add component (AddParameter): Name = "Ten_Linh_Kien"; Value = "T? Hóa 47uF 400V 16x25MM"; VariantName = "[No Variations]"
Added Component: Designator=C8(C-SE-7,5x10x9x5x4)
Added Component: Designator=C9(C-SE-7,5x10x9x5x4)
Added Component: Designator=JP1(JP 1x1 DT)
Add component (AddParameter): Name = "Chung_Loai"; Value = "C?m"; VariantName = "[No Variations]"
Add component (AddParameter): Name = "Don_Vi"; Value = "Con"; VariantName = "[No Variations]"
Add component (AddParameter): Name = "Ghi_Chu"; Value = ""; VariantName = "[No Variations]"
Add component (AddParameter): Name = "Kieu_Chan"; Value = ""; VariantName = "[No Variations]"
Add component (AddParameter): Name = "Ma_Hang"; Value = "MH000903"; VariantName = "[No Variations]"
Add component (AddParameter): Name = "Ten_Linh_Kien"; Value = "Jump Ðon Ð?c 2.54MM 1x40P Th?ng 11MM"; VariantName = "[No Variations]"
Added Component: Designator=L1(Inductor UU9.8)
Added Pin To Net: NetName=GND Pin=C1-1
Added Pin To Net: NetName=Ground Pin=C1-2
Added Pin To Net: NetName=Ground Pin=C6-2
Change Net Name : Old Net Name=GND New Net Name=Lo_gnd
Change Net Name : Old Net Name=Ground New Net Name=Hi_groud
Change Net Name : Old Net Name=Net*_1 New Net Name=Net*2_1
Change Net Name : Old Net Name=Net*_2 New Net Name=Net*3_2
Change Net Name : Old Net Name=Net*_4 New Net Name=Net*2_4
Change Net Name : Old Net Name=Net*_10 New Net Name=Net*1_10
Change Net Name : Old Net Name=NetC?_1 New Net Name=NetC5_1
Change Net Name : Old Net Name=NetC?_2 New Net Name=NetC7_2
Change Net Name : Old Net Name=NetF?_1 New Net Name=NetF1_1
Change Net Name : Old Net Name=NetKF1_1 New Net Name=NetKF2_1
Change Net Name : Old Net Name=NetL?_1 New Net Name=NetL2_1
Change Net Name : Old Net Name=NetR?_1 New Net Name=NetR3_1
Added Pin To Net: NetName=Net*1_1 Pin=*1-1
Added Pin To Net: NetName=Net*1_1 Pin=C2-1
Added Pin To Net: NetName=Net*1_1 Pin=C6-1
Added Pin To Net: NetName=Net*1_1 Pin=C7-1
Added Pin To Net: NetName=Net*1_1 Pin=D1-4
Added Pin To Net: NetName=Net*1_1 Pin=R1-2
Added Net: Name=Net*1_1
Added Pin To Net: NetName=Net*1_2 Pin=*1-2
Added Pin To Net: NetName=Net*1_2 Pin=*2-5
Added Pin To Net: NetName=Net*1_2 Pin=Fr1-1
Added Net: Name=Net*1_2
Added Pin To Net: NetName=Net*3_1 Pin=*3-1
Added Pin To Net: NetName=Net*3_1 Pin=U1-2
Added Net: Name=Net*3_1
Added Pin To Net: NetName=NetC3_1 Pin=F1-2
Added Pin To Net: NetName=NetC3_1 Pin=F1-2
Added Net: Name=NetC3_1
Added Pin To Net: NetName=NetC3_2 Pin=NTC1-2
Added Net: Name=NetC3_2
Added Pin To Net: NetName=NetC4_1 Pin=D1-2
Added Net: Name=NetC4_1
Added Pin To Net: NetName=NetC4_2 Pin=D1-3
Added Net: Name=NetC4_2
Added Pin To Net: NetName=PE Pin=JP1-1
Added Net: Name=PE
Added Member To Class: ClassName=SCH Member=Component *2 TNY264
Added Member To Class: ClassName=SCH Member=Component *3 TL431
Added Member To Class: ClassName=SCH Member=Component C1 101
Added Member To Class: ClassName=SCH Member=Component C2 1n 400V
Added Member To Class: ClassName=SCH Member=Component C6 47uF/400V
Added Member To Class: ClassName=SCH Member=Component C7 1n 400V
Added Member To Class: ClassName=SCH Member=Component C10 104
Added Member To Class: ClassName=SCH Member=Component D2 SS14
Added Member To Class: ClassName=SCH Member=Component JP1 PE
Added Member To Class: ClassName=SCH Member=Component KF2 AC Input
Added Member To Class: ClassName=SCH Member=Component L2 LED 0805
Added Member To Class: ClassName=SCH Member=Component R1 100K
Added Member To Class: ClassName=SCH Member=Component R3 1k
Added Member To Class: ClassName=SCH Member=Component R4 4.7k
Added Member To Class: ClassName=SCH Member=Component R5 4.7k
