Removed Pin From Net: NetName=Net*2_3 Pin=*5-1
Removed Pin From Net: NetName=Net*2_1 Pin=*5-2
Removed Pin From Net: NetName=NetF1_1 Pin=F1-1
Removed Pin From Net: NetName=NetF1_1 Pin=F1-1
Removed Pin From Net: NetName=NetF1_2 Pin=F1-2
Removed Pin From Net: NetName=NetF1_2 Pin=F1-2
Removed Pin From Net: NetName=NetF1_1 Pin=KF2-2
Removed Pin From Net: NetName=NetF1_2 Pin=R1-1
Removed Pin From Net: NetName=Net*2_3 Pin=R1-2
Removed Member From Class: ClassName=SCH Member=R?
Change Component Designator: OldDesignator=R1 NewDesignator=R4
Change Component Designator: OldDesignator=R2 NewDesignator=R1
Change Component Designator: OldDesignator=R3 NewDesignator=R2
Change Component Designator: OldDesignator=R6 NewDesignator=R5
Change Component Designator: OldDesignator=R7 NewDesignator=R6
Change Component Designator: OldDesignator=R8 NewDesignator=R7
Change Component Designator: OldDesignator=R9 NewDesignator=R8
Change Component Designator: OldDesignator=R10 NewDesignator=R9
Change Component Designator: OldDesignator=R11 NewDesignator=R10
Change Component Designator: OldDesignator=R? NewDesignator=R3
Added Component: Designator=F1(De Cau Chi 520 630)
Add component (AddParameter): Name = "Ma_Hang"; Value = "MH001473"; VariantName = "[No Variations]"
Add component (AddParameter): Name = "Ten"; Value = "Ð? C?u Chì 5x20MM 6x30MM SMD01"; VariantName = "[No Variations]"
Added Pin To Net: NetName=Net*2_1 Pin=*5-1
Added Pin To Net: NetName=Net*2_3 Pin=*5-2
Added Pin To Net: NetName=NetF1_1 Pin=F1-1
Added Pin To Net: NetName=NetF1_1 Pin=F1-1
Added Pin To Net: NetName=NetF1_2 Pin=F1-2
Added Pin To Net: NetName=NetF1_2 Pin=F1-2
Added Pin To Net: NetName=NetF1_2 Pin=KF2-2
Added Pin To Net: NetName=Net*2_3 Pin=R4-1
Added Pin To Net: NetName=NetF1_1 Pin=R4-2
Change Net Name : Old Net Name=NetR6_1 New Net Name=NetR5_1
Change Net Name : Old Net Name=NetR9_1 New Net Name=NetR8_1
Added Member To Class: ClassName=SCH Member=Component R4 10D-9
