Removed Pin From Net: NetName=Net*1_10 Pin=D2-1
Removed Pin From Net: NetName=NetC3_1 Pin=D2-2
Removed Member From Class: ClassName=SCH Member=D2
Change Component Designator: OldDesignator=*2 NewDesignator=*3
Change Component Designator: OldDesignator=*3 NewDesignator=*4
Change Component Designator: OldDesignator=*4 NewDesignator=*5
Change Component Designator: OldDesignator=C3 NewDesignator=C2
Change Component Designator: OldDesignator=C4 NewDesignator=C3
Change Component Designator: OldDesignator=C5 NewDesignator=C4
Change Component Designator: OldDesignator=C6 NewDesignator=C5
Change Component Designator: OldDesignator=C7 NewDesignator=C6
Added Component: Designator=*2(DIODE SMA)
Added Pin To Net: NetName=Net*1_10 Pin=*2-1
Added Pin To Net: NetName=NetC3_1 Pin=*2-2
Change Net Name : Old Net Name=Net*2_1 New Net Name=Net*3_1
Change Net Name : Old Net Name=Net*2_2 New Net Name=Net*3_2
Change Net Name : Old Net Name=Net*3_1 New Net Name=Net*4_1
Change Net Name : Old Net Name=Net*3_4 New Net Name=Net*4_4
Change Net Name : Old Net Name=Net*4_1 New Net Name=Net*5_1
Change Net Name : Old Net Name=Net*4_2 New Net Name=Net*5_2
Change Net Name : Old Net Name=NetC3_1 New Net Name=Net*2_2
Change Net Name : Old Net Name=NetC6_2 New Net Name=NetC5_2
Added Member To Class: ClassName=SCH Member=Component *5 TL431
Added Room: Name=SCH
